<?xml version="1.0" encoding="UTF-8"?>
<!-- Generated by org.testng.reporters.JUnitXMLReporter -->
<testsuite ignored="0" hostname="LAPTOP-41JF7SVE" failures="0" tests="5" name="grouptest" time="83.524" errors="0" timestamp="2024-02-09T11:19:13 IST">
  <testcase classname="testCases.LoginTest" name="testcase02" time="15.197"/>
  <testcase classname="testCases.LoginTest" name="testcase02" time="15.255"/>
  <testcase classname="testCases.LoginTest" name="testcase02" time="16.854"/>
  <testcase classname="testCases.LoginTest" name="testcase02" time="13.644"/>
  <testcase classname="testCases.LoginTest" name="testcase02" time="15.386"/>
</testsuite> <!-- grouptest -->
