<?xml version="1.0" encoding="UTF-8"?>
<!-- Generated by org.testng.reporters.JUnitXMLReporter -->
<testsuite ignored="0" hostname="LAPTOP-41JF7SVE" failures="1" tests="5" name="lumaECommerce" time="61.517" errors="0" timestamp="2024-02-06T19:51:08 IST">
  <testcase classname="testCases.LoginTest" name="testcase02" time="16.192">
    <failure type="java.lang.AssertionError" message="expected [true] but found [false]">
      <![CDATA[java.lang.AssertionError: expected [true] but found [false]
at testCases.LoginTest.testcase02(LoginTest.java:43)
at java.base/java.util.ArrayList.forEach(ArrayList.java:1511)
... Removed 31 stack frames]]>
    </failure>
  </testcase> <!-- testcase02 -->
  <testcase classname="testCases.LoginTest" name="testcase02" time="8.215"/>
  <testcase classname="testCases.LoginTest" name="testcase02" time="7.977"/>
  <testcase classname="testCases.LoginTest" name="testcase02" time="7.944"/>
  <testcase classname="testCases.LoginTest" name="testcase02" time="14.599"/>
</testsuite> <!-- lumaECommerce -->
