<?xml version="1.0" encoding="UTF-8"?>
<!-- Generated by org.testng.reporters.JUnitXMLReporter -->
<testsuite ignored="0" hostname="LAPTOP-41JF7SVE" failures="1" tests="1" name="orangeHRM" time="6.892" errors="0" timestamp="2024-02-06T17:50:43 IST">
  <testcase classname="testCases.LoginTest" name="testcase02" time="1.397">
    <failure type="org.testng.internal.reflect.MethodMatcherException" message="
[public void testCases.LoginTest.testcase02(java.lang.String,java.lang.String,java.lang.String)] has no parameters defined but was found to be using a data provider (either explicitly specified or inherited from class level annotation).
Data provider mismatch
Method: testcase02([Parameter{index=0, type=java.lang.String, declaredAnnotations=[]}, Parameter{index=1, type=java.lang.String, declaredAnnotations=[]}, Parameter{index=2, type=java.lang.String, declaredAnnotations=[]}])
Arguments: [(java.lang.String) hiteshpatiyal123@gmail.com,(java.lang.String) Pass@123,(java.lang.String) Valid,(java.lang.String) ,(java.lang.String) ]">
      <![CDATA[org.testng.internal.reflect.MethodMatcherException: 
[public void testCases.LoginTest.testcase02(java.lang.String,java.lang.String,java.lang.String)] has no parameters defined but was found to be using a data provider (either explicitly specified or inherited from class level annotation).
Data provider mismatch
Method: testcase02([Parameter{index=0, type=java.lang.String, declaredAnnotations=[]}, Parameter{index=1, type=java.lang.String, declaredAnnotations=[]}, Parameter{index=2, type=java.lang.String, declaredAnnotations=[]}])
Arguments: [(java.lang.String) hiteshpatiyal123@gmail.com,(java.lang.String) Pass@123,(java.lang.String) Valid,(java.lang.String) ,(java.lang.String) ]
at java.base/java.util.ArrayList.forEach(ArrayList.java:1511)
... Removed 22 stack frames]]>
    </failure>
  </testcase> <!-- testcase02 -->
</testsuite> <!-- orangeHRM -->
