<?xml version="1.0" encoding="UTF-8"?>
<!-- Generated by org.testng.reporters.JUnitXMLReporter -->
<testsuite ignored="0" hostname="LAPTOP-41JF7SVE" failures="0" tests="6" name="lumaECommerce" time="86.098" errors="0" timestamp="2024-02-09T17:56:29 IST">
  <testcase classname="testCases.AccountRegisterationTest" name="testCase01" time="5.836"/>
  <testcase classname="testCases.LoginTest" name="testcase02" time="14.976"/>
  <testcase classname="testCases.LoginTest" name="testcase02" time="12.63"/>
  <testcase classname="testCases.LoginTest" name="testcase02" time="13.511"/>
  <testcase classname="testCases.LoginTest" name="testcase02" time="13.623"/>
  <testcase classname="testCases.LoginTest" name="testcase02" time="15.153"/>
</testsuite> <!-- lumaECommerce -->
