<?xml version="1.0" encoding="UTF-8"?>
<testng-results ignored="0" total="6" passed="6" failed="0" skipped="0">
  <reporter-output>
  </reporter-output>
  <suite started-at="2024-02-09T17:55:01 IST" name="Suite" finished-at="2024-02-09T17:56:27 IST" duration-ms="86098">
    <groups>
      <group name="regression">
        <method signature="LoginTest.testcase02(java.lang.String,java.lang.String,java.lang.String)[pri:0, instance:testCases.LoginTest@62150f9e]" name="testcase02" class="testCases.LoginTest"/>
      </group> <!-- regression -->
      <group name="sanity">
        <method signature="AccountRegisterationTest.testCase01()[pri:0, instance:testCases.AccountRegisterationTest@61862a7f]" name="testCase01" class="testCases.AccountRegisterationTest"/>
      </group> <!-- sanity -->
    </groups>
    <test started-at="2024-02-09T17:55:01 IST" name="lumaECommerce" finished-at="2024-02-09T17:56:27 IST" duration-ms="86098">
      <class name="testCases.AccountRegisterationTest">
        <test-method is-config="true" signature="setup(java.lang.String,java.lang.String)[pri:0, instance:testCases.AccountRegisterationTest@61862a7f]" started-at="2024-02-09T17:55:01 IST" name="setup" finished-at="2024-02-09T17:55:06 IST" duration-ms="4860" status="PASS">
          <params>
            <param index="0">
              <value>
                <![CDATA[chrome]]>
              </value>
            </param>
            <param index="1">
              <value>
                <![CDATA[chrome]]>
              </value>
            </param>
          </params>
          <reporter-output>
          </reporter-output>
        </test-method> <!-- setup -->
        <test-method signature="testCase01()[pri:0, instance:testCases.AccountRegisterationTest@61862a7f]" started-at="2024-02-09T17:55:06 IST" name="testCase01" finished-at="2024-02-09T17:55:12 IST" duration-ms="5836" status="PASS">
          <reporter-output>
          </reporter-output>
        </test-method> <!-- testCase01 -->
        <test-method is-config="true" signature="tearDown()[pri:0, instance:testCases.AccountRegisterationTest@61862a7f]" started-at="2024-02-09T17:55:12 IST" name="tearDown" finished-at="2024-02-09T17:55:12 IST" duration-ms="235" status="PASS">
          <reporter-output>
          </reporter-output>
        </test-method> <!-- tearDown -->
      </class> <!-- testCases.AccountRegisterationTest -->
      <class name="testCases.LoginTest">
        <test-method is-config="true" signature="setup(java.lang.String,java.lang.String)[pri:0, instance:testCases.LoginTest@62150f9e]" started-at="2024-02-09T17:55:12 IST" name="setup" finished-at="2024-02-09T17:55:16 IST" duration-ms="3334" status="PASS">
          <params>
            <param index="0">
              <value>
                <![CDATA[chrome]]>
              </value>
            </param>
            <param index="1">
              <value>
                <![CDATA[chrome]]>
              </value>
            </param>
          </params>
          <reporter-output>
          </reporter-output>
        </test-method> <!-- setup -->
        <test-method signature="testcase02(java.lang.String,java.lang.String,java.lang.String)[pri:0, instance:testCases.LoginTest@62150f9e]" started-at="2024-02-09T17:55:17 IST" name="testcase02" data-provider="LoginData" finished-at="2024-02-09T17:55:32 IST" duration-ms="14976" status="PASS">
          <params>
            <param index="0">
              <value>
                <![CDATA[hiteshpatiyal123@gmail.com]]>
              </value>
            </param>
            <param index="1">
              <value>
                <![CDATA[Pass@123]]>
              </value>
            </param>
            <param index="2">
              <value>
                <![CDATA[Valid]]>
              </value>
            </param>
          </params>
          <reporter-output>
          </reporter-output>
        </test-method> <!-- testcase02 -->
        <test-method signature="testcase02(java.lang.String,java.lang.String,java.lang.String)[pri:0, instance:testCases.LoginTest@62150f9e]" started-at="2024-02-09T17:55:32 IST" name="testcase02" data-provider="LoginData" finished-at="2024-02-09T17:55:45 IST" duration-ms="12630" status="PASS">
          <params>
            <param index="0">
              <value>
                <![CDATA[abc@gmail.com]]>
              </value>
            </param>
            <param index="1">
              <value>
                <![CDATA[ABC@123]]>
              </value>
            </param>
            <param index="2">
              <value>
                <![CDATA[Invalid]]>
              </value>
            </param>
          </params>
          <reporter-output>
          </reporter-output>
        </test-method> <!-- testcase02 -->
        <test-method signature="testcase02(java.lang.String,java.lang.String,java.lang.String)[pri:0, instance:testCases.LoginTest@62150f9e]" started-at="2024-02-09T17:55:45 IST" name="testcase02" data-provider="LoginData" finished-at="2024-02-09T17:55:58 IST" duration-ms="13511" status="PASS">
          <params>
            <param index="0">
              <value>
                <![CDATA[qwerty@gmail.com]]>
              </value>
            </param>
            <param index="1">
              <value>
                <![CDATA[qwerty&123]]>
              </value>
            </param>
            <param index="2">
              <value>
                <![CDATA[Invalid]]>
              </value>
            </param>
          </params>
          <reporter-output>
          </reporter-output>
        </test-method> <!-- testcase02 -->
        <test-method signature="testcase02(java.lang.String,java.lang.String,java.lang.String)[pri:0, instance:testCases.LoginTest@62150f9e]" started-at="2024-02-09T17:55:58 IST" name="testcase02" data-provider="LoginData" finished-at="2024-02-09T17:56:12 IST" duration-ms="13623" status="PASS">
          <params>
            <param index="0">
              <value>
                <![CDATA[ASDFG@yahoo.com]]>
              </value>
            </param>
            <param index="1">
              <value>
                <![CDATA[test#1111]]>
              </value>
            </param>
            <param index="2">
              <value>
                <![CDATA[Invalid]]>
              </value>
            </param>
          </params>
          <reporter-output>
          </reporter-output>
        </test-method> <!-- testcase02 -->
        <test-method signature="testcase02(java.lang.String,java.lang.String,java.lang.String)[pri:0, instance:testCases.LoginTest@62150f9e]" started-at="2024-02-09T17:56:12 IST" name="testcase02" data-provider="LoginData" finished-at="2024-02-09T17:56:27 IST" duration-ms="15153" status="PASS">
          <params>
            <param index="0">
              <value>
                <![CDATA[sumit@yahoo.com]]>
              </value>
            </param>
            <param index="1">
              <value>
                <![CDATA[Test@123]]>
              </value>
            </param>
            <param index="2">
              <value>
                <![CDATA[Valid]]>
              </value>
            </param>
          </params>
          <reporter-output>
          </reporter-output>
        </test-method> <!-- testcase02 -->
        <test-method is-config="true" signature="tearDown()[pri:0, instance:testCases.LoginTest@62150f9e]" started-at="2024-02-09T17:56:27 IST" name="tearDown" finished-at="2024-02-09T17:56:27 IST" duration-ms="280" status="PASS">
          <reporter-output>
          </reporter-output>
        </test-method> <!-- tearDown -->
      </class> <!-- testCases.LoginTest -->
    </test> <!-- lumaECommerce -->
  </suite> <!-- Suite -->
</testng-results>
