<?xml version="1.0" encoding="UTF-8"?>
<testsuite xmlns:xsi="http://www.w3.org/2001/XMLSchema-instance" xsi:noNamespaceSchemaLocation="https://maven.apache.org/surefire/maven-surefire-plugin/xsd/surefire-test-report-3.0.xsd" version="3.0" name="TestSuite" time="88.222" tests="6" errors="0" skipped="0" failures="0">
  <properties>
[...]
</properties>
  <testcase name="testCase01" classname="testCases.AccountRegisterationTest" time="5.848">
    <system-out><![CDATA[17:55:06.799 [main] INFO  testCases.AccountRegisterationTest - *******Test case TC_001_AccountRegisterationTest Started*******
17:55:06.801 [main] DEBUG testCases.AccountRegisterationTest - Log debug
17:55:06.817 [main] INFO  testCases.AccountRegisterationTest - *******Clicked on CreateAccount*******
17:55:08.681 [main] INFO  testCases.AccountRegisterationTest - *******Entering Registration Form Details*******
17:55:09.101 [main] INFO  testCases.AccountRegisterationTest - *******Clicked on CreateAccount Button*******
17:55:12.620 [main] INFO  testCases.AccountRegisterationTest - *******Test Passed*******
17:55:12.628 [main] DEBUG testCases.AccountRegisterationTest - *******Application logs end*******
17:55:12.628 [main] INFO  testCases.AccountRegisterationTest - *******Finished TC_001_AccountRegistrationTest*******
]]></system-out>
    <system-err><![CDATA[SLF4J: Failed to load class "org.slf4j.impl.StaticLoggerBinder".
SLF4J: Defaulting to no-operation (NOP) logger implementation
SLF4J: See http://www.slf4j.org/codes.html#StaticLoggerBinder for further details.
]]></system-err>
  </testcase>
  <testcase name="testcase02[hiteshpatiyal123@gmail.com, Pass@123, Valid](1)" classname="testCases.LoginTest" time="14.977">
    <system-out><![CDATA[17:55:16.527 [main] DEBUG org.apache.poi.openxml4j.opc.PackageRelationshipCollection - Parsing relationship: /xl/_rels/workbook.xml.rels
17:55:16.531 [main] DEBUG org.apache.poi.openxml4j.opc.PackageRelationshipCollection - Parsing relationship: /xl/worksheets/_rels/sheet1.xml.rels
17:55:16.531 [main] DEBUG org.apache.poi.openxml4j.opc.PackageRelationshipCollection - Parsing relationship: /_rels/.rels
17:55:17.265 [main] DEBUG org.apache.poi.openxml4j.opc.PackageRelationshipCollection - Parsing relationship: /xl/_rels/workbook.xml.rels
17:55:17.268 [main] DEBUG org.apache.poi.openxml4j.opc.PackageRelationshipCollection - Parsing relationship: /xl/worksheets/_rels/sheet1.xml.rels
17:55:17.268 [main] DEBUG org.apache.poi.openxml4j.opc.PackageRelationshipCollection - Parsing relationship: /_rels/.rels
17:55:17.303 [main] DEBUG org.apache.poi.openxml4j.opc.PackageRelationshipCollection - Parsing relationship: /xl/_rels/workbook.xml.rels
17:55:17.303 [main] DEBUG org.apache.poi.openxml4j.opc.PackageRelationshipCollection - Parsing relationship: /xl/worksheets/_rels/sheet1.xml.rels
17:55:17.303 [main] DEBUG org.apache.poi.openxml4j.opc.PackageRelationshipCollection - Parsing relationship: /_rels/.rels
17:55:17.341 [main] DEBUG org.apache.poi.openxml4j.opc.PackageRelationshipCollection - Parsing relationship: /xl/_rels/workbook.xml.rels
17:55:17.341 [main] DEBUG org.apache.poi.openxml4j.opc.PackageRelationshipCollection - Parsing relationship: /xl/worksheets/_rels/sheet1.xml.rels
17:55:17.345 [main] DEBUG org.apache.poi.openxml4j.opc.PackageRelationshipCollection - Parsing relationship: /_rels/.rels
17:55:17.378 [main] DEBUG org.apache.poi.openxml4j.opc.PackageRelationshipCollection - Parsing relationship: /xl/_rels/workbook.xml.rels
17:55:17.379 [main] DEBUG org.apache.poi.openxml4j.opc.PackageRelationshipCollection - Parsing relationship: /xl/worksheets/_rels/sheet1.xml.rels
17:55:17.381 [main] DEBUG org.apache.poi.openxml4j.opc.PackageRelationshipCollection - Parsing relationship: /_rels/.rels
17:55:17.408 [main] DEBUG org.apache.poi.openxml4j.opc.PackageRelationshipCollection - Parsing relationship: /xl/_rels/workbook.xml.rels
17:55:17.408 [main] DEBUG org.apache.poi.openxml4j.opc.PackageRelationshipCollection - Parsing relationship: /xl/worksheets/_rels/sheet1.xml.rels
17:55:17.408 [main] DEBUG org.apache.poi.openxml4j.opc.PackageRelationshipCollection - Parsing relationship: /_rels/.rels
17:55:17.440 [main] DEBUG org.apache.poi.openxml4j.opc.PackageRelationshipCollection - Parsing relationship: /xl/_rels/workbook.xml.rels
17:55:17.440 [main] DEBUG org.apache.poi.openxml4j.opc.PackageRelationshipCollection - Parsing relationship: /xl/worksheets/_rels/sheet1.xml.rels
17:55:17.440 [main] DEBUG org.apache.poi.openxml4j.opc.PackageRelationshipCollection - Parsing relationship: /_rels/.rels
17:55:17.456 [main] DEBUG org.apache.poi.openxml4j.opc.PackageRelationshipCollection - Parsing relationship: /xl/_rels/workbook.xml.rels
17:55:17.456 [main] DEBUG org.apache.poi.openxml4j.opc.PackageRelationshipCollection - Parsing relationship: /xl/worksheets/_rels/sheet1.xml.rels
17:55:17.456 [main] DEBUG org.apache.poi.openxml4j.opc.PackageRelationshipCollection - Parsing relationship: /_rels/.rels
17:55:17.490 [main] DEBUG org.apache.poi.openxml4j.opc.PackageRelationshipCollection - Parsing relationship: /xl/_rels/workbook.xml.rels
17:55:17.490 [main] DEBUG org.apache.poi.openxml4j.opc.PackageRelationshipCollection - Parsing relationship: /xl/worksheets/_rels/sheet1.xml.rels
17:55:17.490 [main] DEBUG org.apache.poi.openxml4j.opc.PackageRelationshipCollection - Parsing relationship: /_rels/.rels
17:55:17.503 [main] DEBUG org.apache.poi.openxml4j.opc.PackageRelationshipCollection - Parsing relationship: /xl/_rels/workbook.xml.rels
17:55:17.503 [main] DEBUG org.apache.poi.openxml4j.opc.PackageRelationshipCollection - Parsing relationship: /xl/worksheets/_rels/sheet1.xml.rels
17:55:17.503 [main] DEBUG org.apache.poi.openxml4j.opc.PackageRelationshipCollection - Parsing relationship: /_rels/.rels
17:55:17.535 [main] DEBUG org.apache.poi.openxml4j.opc.PackageRelationshipCollection - Parsing relationship: /xl/_rels/workbook.xml.rels
17:55:17.535 [main] DEBUG org.apache.poi.openxml4j.opc.PackageRelationshipCollection - Parsing relationship: /xl/worksheets/_rels/sheet1.xml.rels
17:55:17.535 [main] DEBUG org.apache.poi.openxml4j.opc.PackageRelationshipCollection - Parsing relationship: /_rels/.rels
17:55:17.551 [main] DEBUG org.apache.poi.openxml4j.opc.PackageRelationshipCollection - Parsing relationship: /xl/_rels/workbook.xml.rels
17:55:17.551 [main] DEBUG org.apache.poi.openxml4j.opc.PackageRelationshipCollection - Parsing relationship: /xl/worksheets/_rels/sheet1.xml.rels
17:55:17.551 [main] DEBUG org.apache.poi.openxml4j.opc.PackageRelationshipCollection - Parsing relationship: /_rels/.rels
17:55:17.566 [main] DEBUG org.apache.poi.openxml4j.opc.PackageRelationshipCollection - Parsing relationship: /xl/_rels/workbook.xml.rels
17:55:17.566 [main] DEBUG org.apache.poi.openxml4j.opc.PackageRelationshipCollection - Parsing relationship: /xl/worksheets/_rels/sheet1.xml.rels
17:55:17.566 [main] DEBUG org.apache.poi.openxml4j.opc.PackageRelationshipCollection - Parsing relationship: /_rels/.rels
17:55:17.583 [main] DEBUG org.apache.poi.openxml4j.opc.PackageRelationshipCollection - Parsing relationship: /xl/_rels/workbook.xml.rels
17:55:17.583 [main] DEBUG org.apache.poi.openxml4j.opc.PackageRelationshipCollection - Parsing relationship: /xl/worksheets/_rels/sheet1.xml.rels
17:55:17.583 [main] DEBUG org.apache.poi.openxml4j.opc.PackageRelationshipCollection - Parsing relationship: /_rels/.rels
17:55:17.610 [main] DEBUG org.apache.poi.openxml4j.opc.PackageRelationshipCollection - Parsing relationship: /xl/_rels/workbook.xml.rels
17:55:17.610 [main] DEBUG org.apache.poi.openxml4j.opc.PackageRelationshipCollection - Parsing relationship: /xl/worksheets/_rels/sheet1.xml.rels
17:55:17.610 [main] DEBUG org.apache.poi.openxml4j.opc.PackageRelationshipCollection - Parsing relationship: /_rels/.rels
17:55:17.613 [main] DEBUG org.apache.poi.openxml4j.opc.PackageRelationshipCollection - Parsing relationship: /xl/_rels/workbook.xml.rels
17:55:17.628 [main] DEBUG org.apache.poi.openxml4j.opc.PackageRelationshipCollection - Parsing relationship: /xl/worksheets/_rels/sheet1.xml.rels
17:55:17.629 [main] DEBUG org.apache.poi.openxml4j.opc.PackageRelationshipCollection - Parsing relationship: /_rels/.rels
17:55:17.645 [main] DEBUG org.apache.poi.openxml4j.opc.PackageRelationshipCollection - Parsing relationship: /xl/_rels/workbook.xml.rels
17:55:17.645 [main] DEBUG org.apache.poi.openxml4j.opc.PackageRelationshipCollection - Parsing relationship: /xl/worksheets/_rels/sheet1.xml.rels
17:55:17.645 [main] DEBUG org.apache.poi.openxml4j.opc.PackageRelationshipCollection - Parsing relationship: /_rels/.rels
17:55:17.661 [main] INFO  testCases.LoginTest - *****Login Test Case is Started*****
17:55:17.661 [main] INFO  testCases.LoginTest - *****Clicked on Sign In Page*****
17:55:18.822 [main] INFO  testCases.LoginTest - *****Entering Login details*****
17:55:19.148 [main] INFO  testCases.LoginTest - *****Click on Login button*****
true
17:55:26.184 [main] INFO  testCases.LoginTest - *****Login Test Case is Passed with Valid Data*****
17:55:32.637 [main] INFO  testCases.LoginTest - *****Login Test Case Executed *****
]]></system-out>
  </testcase>
  <testcase name="testcase02[abc@gmail.com, ABC@123, Invalid](2)" classname="testCases.LoginTest" time="12.636">
    <system-out><![CDATA[17:55:32.638 [main] INFO  testCases.LoginTest - *****Login Test Case is Started*****
17:55:32.638 [main] INFO  testCases.LoginTest - *****Clicked on Sign In Page*****
17:55:33.441 [main] INFO  testCases.LoginTest - *****Entering Login details*****
17:55:33.659 [main] INFO  testCases.LoginTest - *****Click on Login button*****
false
17:55:40.262 [main] INFO  testCases.LoginTest - *****Login Test Case is Passed with InValid Data*****
17:55:45.268 [main] INFO  testCases.LoginTest - *****Login Test Case Executed *****
]]></system-out>
  </testcase>
  <testcase name="testcase02[qwerty@gmail.com, qwerty&amp;123, Invalid](3)" classname="testCases.LoginTest" time="13.511">
    <system-out><![CDATA[17:55:45.274 [main] INFO  testCases.LoginTest - *****Login Test Case is Started*****
17:55:45.274 [main] INFO  testCases.LoginTest - *****Clicked on Sign In Page*****
17:55:46.981 [main] INFO  testCases.LoginTest - *****Entering Login details*****
17:55:47.230 [main] INFO  testCases.LoginTest - *****Click on Login button*****
false
17:55:53.771 [main] INFO  testCases.LoginTest - *****Login Test Case is Passed with InValid Data*****
17:55:58.785 [main] INFO  testCases.LoginTest - *****Login Test Case Executed *****
]]></system-out>
  </testcase>
  <testcase name="testcase02[ASDFG@yahoo.com, test#1111, Invalid](4)" classname="testCases.LoginTest" time="13.623">
    <system-out><![CDATA[17:55:58.785 [main] INFO  testCases.LoginTest - *****Login Test Case is Started*****
17:55:58.785 [main] INFO  testCases.LoginTest - *****Clicked on Sign In Page*****
17:56:00.430 [main] INFO  testCases.LoginTest - *****Entering Login details*****
17:56:00.671 [main] INFO  testCases.LoginTest - *****Click on Login button*****
false
17:56:07.395 [main] INFO  testCases.LoginTest - *****Login Test Case is Passed with InValid Data*****
17:56:12.408 [main] INFO  testCases.LoginTest - *****Login Test Case Executed *****
]]></system-out>
  </testcase>
  <testcase name="testcase02[sumit@yahoo.com, Test@123, Valid](5)" classname="testCases.LoginTest" time="15.153">
    <system-out><![CDATA[17:56:12.408 [main] INFO  testCases.LoginTest - *****Login Test Case is Started*****
17:56:12.408 [main] INFO  testCases.LoginTest - *****Clicked on Sign In Page*****
17:56:14.151 [main] INFO  testCases.LoginTest - *****Entering Login details*****
17:56:14.389 [main] INFO  testCases.LoginTest - *****Click on Login button*****
true
17:56:21.086 [main] INFO  testCases.LoginTest - *****Login Test Case is Passed with Valid Data*****
17:56:27.561 [main] INFO  testCases.LoginTest - *****Login Test Case Executed *****
]]></system-out>
  </testcase>
</testsuite>