<?xml version="1.0" encoding="UTF-8"?>
<testng-results ignored="0" total="5" passed="5" failed="0" skipped="0">
  <reporter-output>
  </reporter-output>
  <suite started-at="2024-02-09T11:17:49 IST" name="groupingtest" finished-at="2024-02-09T11:19:13 IST" duration-ms="83524">
    <groups>
      <group name="regression">
        <method signature="LoginTest.testcase02(java.lang.String,java.lang.String,java.lang.String)[pri:0, instance:testCases.LoginTest@3a93b025]" name="testcase02" class="testCases.LoginTest"/>
      </group> <!-- regression -->
    </groups>
    <test started-at="2024-02-09T11:17:49 IST" name="grouptest" finished-at="2024-02-09T11:19:13 IST" duration-ms="83524">
      <class name="testCases.LoginTest">
        <test-method is-config="true" signature="setup(java.lang.String,java.lang.String)[pri:0, instance:testCases.LoginTest@3a93b025]" started-at="2024-02-09T11:17:50 IST" name="setup" finished-at="2024-02-09T11:17:55 IST" duration-ms="5847" status="PASS">
          <params>
            <param index="0">
              <value>
                <![CDATA[chrome]]>
              </value>
            </param>
            <param index="1">
              <value>
                <![CDATA[Windows]]>
              </value>
            </param>
          </params>
          <reporter-output>
          </reporter-output>
        </test-method> <!-- setup -->
        <test-method signature="testcase02(java.lang.String,java.lang.String,java.lang.String)[pri:0, instance:testCases.LoginTest@3a93b025]" started-at="2024-02-09T11:17:56 IST" name="testcase02" data-provider="LoginData" finished-at="2024-02-09T11:18:11 IST" duration-ms="15197" status="PASS">
          <params>
            <param index="0">
              <value>
                <![CDATA[hiteshpatiyal123@gmail.com]]>
              </value>
            </param>
            <param index="1">
              <value>
                <![CDATA[Pass@123]]>
              </value>
            </param>
            <param index="2">
              <value>
                <![CDATA[Valid]]>
              </value>
            </param>
          </params>
          <reporter-output>
          </reporter-output>
        </test-method> <!-- testcase02 -->
        <test-method signature="testcase02(java.lang.String,java.lang.String,java.lang.String)[pri:0, instance:testCases.LoginTest@3a93b025]" started-at="2024-02-09T11:18:11 IST" name="testcase02" data-provider="LoginData" finished-at="2024-02-09T11:18:27 IST" duration-ms="15255" status="PASS">
          <params>
            <param index="0">
              <value>
                <![CDATA[abc@gmail.com]]>
              </value>
            </param>
            <param index="1">
              <value>
                <![CDATA[ABC@123]]>
              </value>
            </param>
            <param index="2">
              <value>
                <![CDATA[Invalid]]>
              </value>
            </param>
          </params>
          <reporter-output>
          </reporter-output>
        </test-method> <!-- testcase02 -->
        <test-method signature="testcase02(java.lang.String,java.lang.String,java.lang.String)[pri:0, instance:testCases.LoginTest@3a93b025]" started-at="2024-02-09T11:18:27 IST" name="testcase02" data-provider="LoginData" finished-at="2024-02-09T11:18:44 IST" duration-ms="16854" status="PASS">
          <params>
            <param index="0">
              <value>
                <![CDATA[qwerty@gmail.com]]>
              </value>
            </param>
            <param index="1">
              <value>
                <![CDATA[qwerty&123]]>
              </value>
            </param>
            <param index="2">
              <value>
                <![CDATA[Invalid]]>
              </value>
            </param>
          </params>
          <reporter-output>
          </reporter-output>
        </test-method> <!-- testcase02 -->
        <test-method signature="testcase02(java.lang.String,java.lang.String,java.lang.String)[pri:0, instance:testCases.LoginTest@3a93b025]" started-at="2024-02-09T11:18:44 IST" name="testcase02" data-provider="LoginData" finished-at="2024-02-09T11:18:57 IST" duration-ms="13644" status="PASS">
          <params>
            <param index="0">
              <value>
                <![CDATA[ASDFG@yahoo.com]]>
              </value>
            </param>
            <param index="1">
              <value>
                <![CDATA[test#1111]]>
              </value>
            </param>
            <param index="2">
              <value>
                <![CDATA[Invalid]]>
              </value>
            </param>
          </params>
          <reporter-output>
          </reporter-output>
        </test-method> <!-- testcase02 -->
        <test-method signature="testcase02(java.lang.String,java.lang.String,java.lang.String)[pri:0, instance:testCases.LoginTest@3a93b025]" started-at="2024-02-09T11:18:57 IST" name="testcase02" data-provider="LoginData" finished-at="2024-02-09T11:19:13 IST" duration-ms="15386" status="PASS">
          <params>
            <param index="0">
              <value>
                <![CDATA[sumit@yahoo.com]]>
              </value>
            </param>
            <param index="1">
              <value>
                <![CDATA[Test@123]]>
              </value>
            </param>
            <param index="2">
              <value>
                <![CDATA[Valid]]>
              </value>
            </param>
          </params>
          <reporter-output>
          </reporter-output>
        </test-method> <!-- testcase02 -->
        <test-method is-config="true" signature="tearDown()[pri:0, instance:testCases.LoginTest@3a93b025]" started-at="2024-02-09T11:19:13 IST" name="tearDown" finished-at="2024-02-09T11:19:13 IST" duration-ms="321" status="PASS">
          <reporter-output>
          </reporter-output>
        </test-method> <!-- tearDown -->
      </class> <!-- testCases.LoginTest -->
    </test> <!-- grouptest -->
  </suite> <!-- groupingtest -->
</testng-results>
